<?xml version="1.0" encoding="UTF-8"?>
<!-- Generated by org.testng.reporters.JUnitXMLReporter -->
<testsuite hostname="LGDN14849-W10" ignored="0" name="Chrome Test" tests="13" failures="1" timestamp="03 Feb 2021 09:52:07 GMT" time="175.132" errors="0">
  <testcase name="TC01" time="4.518" classname="railway.railways.TC01_Login"/>
  <testcase name="TC02" time="4.08" classname="railway.railways.TC02_LoginWithBlankUsername"/>
  <testcase name="TC03" time="4.193" classname="railway.railways.TC03_LoginWithPasswordInvalid"/>
  <testcase name="TC04" time="3.244" classname="railway.railways.TC04_ContactTest"/>
  <testcase name="TC05" time="6.205" classname="railway.railways.TC05_LoginWithWrongPasswordMoreTime">
    <failure type="java.lang.AssertionError" message="Welcome message is not displayed as expected expected [You have used 4 out of 5 login attempts. After all 5 have been used, you will be unable to login for 15 minutes.] but found [There was a problem with your login and/or errors exist in your form.]">
      <![CDATA[java.lang.AssertionError: Welcome message is not displayed as expected expected [You have used 4 out of 5 login attempts. After all 5 have been used, you will be unable to login for 15 minutes.] but found [There was a problem with your login and/or errors exist in your form.]
at railway.railways.TC05_LoginWithWrongPasswordMoreTime.TC05(TC05_LoginWithWrongPasswordMoreTime.java:33)
at com.intellij.rt.testng.IDEARemoteTestNG.run(IDEARemoteTestNG.java:66)
at com.intellij.rt.testng.RemoteTestNGStarter.main(RemoteTestNGStarter.java:109)
... Removed 27 stack frames]]>
    </failure>
  </testcase> <!-- TC05 -->
  <testcase name="TC06" time="4.476" classname="railway.railways.TC06_LoginAndVerifyTabName"/>
  <testcase name="TC07" time="4.486" classname="railway.railways.TC07_Register"/>
  <testcase name="TC08" time="4.316" classname="railway.railways.TC08_LoginWithAccountNotActive"/>
  <testcase name="TC10" time="4.106" classname="railway.railways.TC10_UserCannotResetPassword"/>
  <testcase name="TC11" time="4.39" classname="railway.railways.TC11_CannotCreateWithPasswordAndPidEmpty"/>
  <testcase name="TC14" time="19.216" classname="railway.railways.TC14_CannotBookTicketMoreThan10"/>
  <testcase name="TC15" time="6.87" classname="railway.railways.TC15_BookTicket"/>
  <testcase name="TC16" time="16.305" classname="railway.railways.TC16_CancelTicket"/>
</testsuite> <!-- Chrome Test -->
